0 verbose cli /usr/bin/node /usr/bin/npm
1 info using npm@9.2.0
2 info using node@v18.19.1
3 timing npm:load:whichnode Completed in 0ms
4 timing config:load:defaults Completed in 2ms
5 timing config:load:file:/usr/share/nodejs/npm/npmrc Completed in 4ms
6 timing config:load:builtin Completed in 5ms
7 timing config:load:cli Completed in 2ms
8 timing config:load:env Completed in 1ms
9 timing config:load:project Completed in 1ms
10 timing config:load:file:/root/.npmrc Completed in 0ms
11 timing config:load:user Completed in 0ms
12 timing config:load:file:/etc/npmrc Completed in 0ms
13 timing config:load:global Completed in 1ms
14 timing config:load:setEnvs Completed in 1ms
15 timing config:load Completed in 13ms
16 timing npm:load:configload Completed in 13ms
17 timing npm:load:mkdirpcache Completed in 0ms
18 timing npm:load:mkdirplogs Completed in 0ms
19 verbose title npm install rtlcss
20 verbose argv "install" "--global" "rtlcss"
21 timing npm:load:setTitle Completed in 2ms
22 timing config:load:flatten Completed in 4ms
23 timing npm:load:display Completed in 5ms
24 verbose logfile logs-max:10 dir:/root/.npm/_logs/2024-03-26T16_49_49_136Z-
25 verbose logfile /root/.npm/_logs/2024-03-26T16_49_49_136Z-debug-0.log
26 timing npm:load:logFile Completed in 9ms
27 timing npm:load:timers Completed in 0ms
28 timing npm:load:configScope Completed in 0ms
29 timing npm:load Completed in 33ms
30 timing config:load:flatten Completed in 1ms
31 timing arborist:ctor Completed in 1ms
32 silly logfile done cleaning log files
33 timing idealTree:init Completed in 9ms
34 timing idealTree:userRequests Completed in 5ms
35 silly idealTree buildDeps
36 silly fetch manifest rtlcss@*
37 http fetch GET 200 https://registry.npmjs.org/rtlcss 214ms (cache miss)
38 silly placeDep ROOT rtlcss@4.1.1 OK for:  want: *
39 silly fetch manifest escalade@^3.1.1
40 silly fetch manifest picocolors@^1.0.0
41 silly fetch manifest postcss@^8.4.21
42 silly fetch manifest strip-json-comments@^3.1.1
43 http fetch GET 200 https://registry.npmjs.org/escalade 33ms (cache miss)
44 http fetch GET 200 https://registry.npmjs.org/picocolors 50ms (cache miss)
45 http fetch GET 200 https://registry.npmjs.org/strip-json-comments 54ms (cache miss)
46 http fetch GET 200 https://registry.npmjs.org/postcss 63ms (cache miss)
47 timing idealTree:#root Completed in 301ms
48 silly placeDep node_modules/rtlcss escalade@3.1.2 OK for: rtlcss@4.1.1 want: ^3.1.1
49 silly placeDep node_modules/rtlcss picocolors@1.0.0 OK for: rtlcss@4.1.1 want: ^1.0.0
50 silly placeDep node_modules/rtlcss postcss@8.4.38 OK for: rtlcss@4.1.1 want: ^8.4.21
51 silly placeDep node_modules/rtlcss strip-json-comments@3.1.1 OK for: rtlcss@4.1.1 want: ^3.1.1
52 silly fetch manifest nanoid@^3.3.7
53 silly fetch manifest source-map-js@^1.2.0
54 http fetch GET 200 https://registry.npmjs.org/source-map-js 28ms (cache miss)
55 http fetch GET 200 https://registry.npmjs.org/nanoid 31ms (cache miss)
56 timing idealTree:node_modules/rtlcss Completed in 43ms
57 timing idealTree:node_modules/rtlcss/node_modules/escalade Completed in 0ms
58 timing idealTree:node_modules/rtlcss/node_modules/picocolors Completed in 0ms
59 silly placeDep node_modules/rtlcss nanoid@3.3.7 OK for: postcss@8.4.38 want: ^3.3.7
60 silly placeDep node_modules/rtlcss source-map-js@1.2.0 OK for: postcss@8.4.38 want: ^1.2.0
61 timing idealTree:node_modules/rtlcss/node_modules/postcss Completed in 5ms
62 timing idealTree:node_modules/rtlcss/node_modules/nanoid Completed in 0ms
63 timing idealTree:node_modules/rtlcss/node_modules/source-map-js Completed in 0ms
64 timing idealTree:node_modules/rtlcss/node_modules/strip-json-comments Completed in 0ms
65 timing idealTree:buildDeps Completed in 351ms
66 timing idealTree:fixDepFlags Completed in 2ms
67 timing idealTree Completed in 371ms
68 timing reify:loadTrees Completed in 373ms
69 timing reify:diffTrees Completed in 2ms
70 silly reify moves {}
71 timing reify:retireShallow Completed in 1ms
72 timing reify:createSparse Completed in 3ms
73 timing reify:loadBundles Completed in 0ms
74 silly tarball no local data for source-map-js@https://registry.npmjs.org/source-map-js/-/source-map-js-1.2.0.tgz. Extracting by manifest.
75 silly tarball no local data for strip-json-comments@https://registry.npmjs.org/strip-json-comments/-/strip-json-comments-3.1.1.tgz. Extracting by manifest.
76 silly tarball no local data for postcss@https://registry.npmjs.org/postcss/-/postcss-8.4.38.tgz. Extracting by manifest.
77 silly tarball no local data for rtlcss@https://registry.npmjs.org/rtlcss/-/rtlcss-4.1.1.tgz. Extracting by manifest.
78 silly tarball no local data for picocolors@https://registry.npmjs.org/picocolors/-/picocolors-1.0.0.tgz. Extracting by manifest.
79 silly tarball no local data for escalade@https://registry.npmjs.org/escalade/-/escalade-3.1.2.tgz. Extracting by manifest.
80 silly tarball no local data for nanoid@https://registry.npmjs.org/nanoid/-/nanoid-3.3.7.tgz. Extracting by manifest.
81 http fetch GET 200 https://registry.npmjs.org/strip-json-comments/-/strip-json-comments-3.1.1.tgz 84ms (cache miss)
82 timing reifyNode:node_modules/rtlcss/node_modules/strip-json-comments Completed in 98ms
83 http fetch GET 200 https://registry.npmjs.org/picocolors/-/picocolors-1.0.0.tgz 82ms (cache miss)
84 timing reifyNode:node_modules/rtlcss/node_modules/picocolors Completed in 100ms
85 http fetch GET 200 https://registry.npmjs.org/escalade/-/escalade-3.1.2.tgz 82ms (cache miss)
86 timing reifyNode:node_modules/rtlcss/node_modules/escalade Completed in 100ms
87 http fetch GET 200 https://registry.npmjs.org/source-map-js/-/source-map-js-1.2.0.tgz 95ms (cache miss)
88 timing reifyNode:node_modules/rtlcss/node_modules/source-map-js Completed in 112ms
89 http fetch GET 200 https://registry.npmjs.org/rtlcss/-/rtlcss-4.1.1.tgz 97ms (cache miss)
90 timing reifyNode:node_modules/rtlcss Completed in 114ms
91 http fetch GET 200 https://registry.npmjs.org/nanoid/-/nanoid-3.3.7.tgz 97ms (cache miss)
92 timing reifyNode:node_modules/rtlcss/node_modules/nanoid Completed in 117ms
93 http fetch GET 200 https://registry.npmjs.org/postcss/-/postcss-8.4.38.tgz 118ms (cache miss)
94 timing reifyNode:node_modules/rtlcss/node_modules/postcss Completed in 133ms
95 timing reify:unpack Completed in 133ms
96 timing reify:unretire Completed in 1ms
97 timing build:queue Completed in 1ms
98 timing build:link:node_modules/rtlcss Completed in 3ms
99 timing build:link:node_modules/rtlcss/node_modules/nanoid Completed in 2ms
100 timing build:link Completed in 3ms
101 timing build:deps Completed in 5ms
102 timing build Completed in 5ms
103 timing reify:build Completed in 5ms
104 timing reify:trash Completed in 0ms
105 timing reify Completed in 526ms
106 silly ADD node_modules/rtlcss
107 silly ADD node_modules/rtlcss/node_modules/source-map-js
108 silly ADD node_modules/rtlcss/node_modules/nanoid
109 silly ADD node_modules/rtlcss/node_modules/strip-json-comments
110 silly ADD node_modules/rtlcss/node_modules/postcss
111 silly ADD node_modules/rtlcss/node_modules/picocolors
112 silly ADD node_modules/rtlcss/node_modules/escalade
113 timing command:install Completed in 532ms
114 verbose exit 0
115 timing npm Completed in 581ms
116 info ok
