--------------------------------------
ClamAV update process started at Tue Apr  2 14:08:02 2024
WARNING: Your ClamAV installation is OUTDATED!
WARNING: Local version: 0.100.3 Recommended version: 0.103.11
DON'T PANIC! Read https://www.clamav.net/documents/upgrading-clamav
WARNING: getfile: Unknown response from db.local.clamav.net (IP: 104.16.219.84): HTTP/1.1 403 
WARNING: getpatch: Can't download main-59.cdiff from db.local.clamav.net
WARNING: getfile: Unknown response from db.local.clamav.net (IP: 104.16.218.84): HTTP/1.1 403 
WARNING: getpatch: Can't download main-59.cdiff from db.local.clamav.net
WARNING: getfile: Unknown response from db.local.clamav.net (IP: 104.16.218.84): HTTP/1.1 403 
WARNING: getpatch: Can't download main-59.cdiff from db.local.clamav.net
WARNING: Incremental update failed, trying to download main.cvd
nonblock_connect: connect(): fd=5 errno=101: Network is unreachable
Can't connect to port 80 of host db.local.clamav.net (IP: 2606:4700::6810:db54)
WARNING: getfile: Unknown response from db.local.clamav.net (IP: 104.16.219.84): HTTP/1.1 403 
WARNING: Can't download main.cvd from db.local.clamav.net
Trying again in 5 secs...
ClamAV update process started at Tue Apr  2 14:08:09 2024
WARNING: Your ClamAV installation is OUTDATED!
WARNING: Local version: 0.100.3 Recommended version: 0.103.11
DON'T PANIC! Read https://www.clamav.net/documents/upgrading-clamav
Trying host db.local.clamav.net (2606:4700::6810:da54)...
nonblock_connect: connect(): fd=5 errno=101: Network is unreachable
Can't connect to port 80 of host db.local.clamav.net (IP: 2606:4700::6810:da54)
WARNING: getpatch: Can't download main-59.cdiff from db.local.clamav.net
WARNING: getpatch: Can't download main-59.cdiff from db.local.clamav.net
WARNING: getpatch: Can't download main-59.cdiff from db.local.clamav.net
WARNING: Incremental update failed, trying to download main.cvd
Trying host db.local.clamav.net (2606:4700::6810:db54)...
nonblock_connect: connect(): fd=5 errno=101: Network is unreachable
Can't connect to port 80 of host db.local.clamav.net (IP: 2606:4700::6810:db54)
Trying host db.local.clamav.net (2606:4700::6810:da54)...
nonblock_connect: connect(): fd=5 errno=101: Network is unreachable
Can't connect to port 80 of host db.local.clamav.net (IP: 2606:4700::6810:da54)
WARNING: Can't download main.cvd from db.local.clamav.net
Trying again in 5 secs...
ClamAV update process started at Tue Apr  2 14:08:16 2024
WARNING: Your ClamAV installation is OUTDATED!
WARNING: Local version: 0.100.3 Recommended version: 0.103.11
DON'T PANIC! Read https://www.clamav.net/documents/upgrading-clamav
WARNING: getpatch: Can't download main-59.cdiff from db.local.clamav.net
WARNING: getpatch: Can't download main-59.cdiff from db.local.clamav.net
ERROR: getpatch: Can't download main-59.cdiff from db.local.clamav.net
WARNING: Incremental update failed, trying to download main.cvd
Trying host db.local.clamav.net (2606:4700::6810:db54)...
nonblock_connect: connect(): fd=5 errno=101: Network is unreachable
Can't connect to port 80 of host db.local.clamav.net (IP: 2606:4700::6810:db54)
Trying host db.local.clamav.net (2606:4700::6810:da54)...
nonblock_connect: connect(): fd=5 errno=101: Network is unreachable
Can't connect to port 80 of host db.local.clamav.net (IP: 2606:4700::6810:da54)
ERROR: Can't download main.cvd from db.local.clamav.net
Giving up on db.local.clamav.net...
ClamAV update process started at Tue Apr  2 14:08:17 2024
WARNING: Your ClamAV installation is OUTDATED!
WARNING: Local version: 0.100.3 Recommended version: 0.103.11
DON'T PANIC! Read https://www.clamav.net/documents/upgrading-clamav
WARNING: getpatch: Can't download main-59.cdiff from db.local.clamav.net
WARNING: getpatch: Can't download main-59.cdiff from db.local.clamav.net
ERROR: getpatch: Can't download main-59.cdiff from db.local.clamav.net
WARNING: Incremental update failed, trying to download main.cvd
Trying host db.local.clamav.net (2606:4700::6810:db54)...
nonblock_connect: connect(): fd=5 errno=101: Network is unreachable
Can't connect to port 80 of host db.local.clamav.net (IP: 2606:4700::6810:db54)
Trying host db.local.clamav.net (2606:4700::6810:da54)...
nonblock_connect: connect(): fd=5 errno=101: Network is unreachable
Can't connect to port 80 of host db.local.clamav.net (IP: 2606:4700::6810:da54)
ERROR: Can't download main.cvd from db.local.clamav.net
Giving up on db.local.clamav.net...
Update failed. Your network may be down or none of the mirrors listed in /etc/freshclam.conf is working. Check https://www.clamav.net/documents/official-mirror-faq for possible reasons.
--------------------------------------
ClamAV update process started at Wed Apr  3 03:27:03 2024
WARNING: Your ClamAV installation is OUTDATED!
WARNING: Local version: 0.100.3 Recommended version: 0.103.11
DON'T PANIC! Read https://www.clamav.net/documents/upgrading-clamav
WARNING: getfile: Unknown response from db.local.clamav.net (IP: 104.16.219.84): HTTP/1.1 403 
WARNING: getpatch: Can't download main-59.cdiff from db.local.clamav.net
Trying host db.local.clamav.net (104.16.218.84)...
WARNING: getfile: Unknown response from db.local.clamav.net (IP: 104.16.218.84): HTTP/1.1 403 
WARNING: getpatch: Can't download main-59.cdiff from db.local.clamav.net
Trying host db.local.clamav.net (2606:4700::6810:da54)...
nonblock_connect: connect(): fd=5 errno=101: Network is unreachable
Can't connect to port 80 of host db.local.clamav.net (IP: 2606:4700::6810:da54)
Trying host db.local.clamav.net (2606:4700::6810:db54)...
nonblock_connect: connect(): fd=5 errno=101: Network is unreachable
Can't connect to port 80 of host db.local.clamav.net (IP: 2606:4700::6810:db54)
WARNING: getpatch: Can't download main-59.cdiff from db.local.clamav.net
WARNING: Incremental update failed, trying to download main.cvd
nonblock_connect: connect(): fd=5 errno=101: Network is unreachable
Can't connect to port 80 of host db.local.clamav.net (IP: 2606:4700::6810:db54)
Trying host db.local.clamav.net (2606:4700::6810:da54)...
nonblock_connect: connect(): fd=5 errno=101: Network is unreachable
Can't connect to port 80 of host db.local.clamav.net (IP: 2606:4700::6810:da54)
WARNING: Can't download main.cvd from db.local.clamav.net
Trying again in 5 secs...
ClamAV update process started at Wed Apr  3 03:27:10 2024
WARNING: Your ClamAV installation is OUTDATED!
WARNING: Local version: 0.100.3 Recommended version: 0.103.11
DON'T PANIC! Read https://www.clamav.net/documents/upgrading-clamav
WARNING: getpatch: Can't download main-59.cdiff from db.local.clamav.net
WARNING: getpatch: Can't download main-59.cdiff from db.local.clamav.net
WARNING: getpatch: Can't download main-59.cdiff from db.local.clamav.net
WARNING: Incremental update failed, trying to download main.cvd
Trying host db.local.clamav.net (2606:4700::6810:db54)...
nonblock_connect: connect(): fd=5 errno=101: Network is unreachable
Can't connect to port 80 of host db.local.clamav.net (IP: 2606:4700::6810:db54)
Trying host db.local.clamav.net (2606:4700::6810:da54)...
nonblock_connect: connect(): fd=5 errno=101: Network is unreachable
Can't connect to port 80 of host db.local.clamav.net (IP: 2606:4700::6810:da54)
WARNING: Can't download main.cvd from db.local.clamav.net
Trying again in 5 secs...
ClamAV update process started at Wed Apr  3 03:27:17 2024
WARNING: Your ClamAV installation is OUTDATED!
WARNING: Local version: 0.100.3 Recommended version: 0.103.11
DON'T PANIC! Read https://www.clamav.net/documents/upgrading-clamav
WARNING: getpatch: Can't download main-59.cdiff from db.local.clamav.net
WARNING: getpatch: Can't download main-59.cdiff from db.local.clamav.net
ERROR: getpatch: Can't download main-59.cdiff from db.local.clamav.net
WARNING: Incremental update failed, trying to download main.cvd
Trying host db.local.clamav.net (2606:4700::6810:da54)...
nonblock_connect: connect(): fd=5 errno=101: Network is unreachable
Can't connect to port 80 of host db.local.clamav.net (IP: 2606:4700::6810:da54)
Trying host db.local.clamav.net (2606:4700::6810:db54)...
nonblock_connect: connect(): fd=5 errno=101: Network is unreachable
Can't connect to port 80 of host db.local.clamav.net (IP: 2606:4700::6810:db54)
ERROR: Can't download main.cvd from db.local.clamav.net
Giving up on db.local.clamav.net...
ClamAV update process started at Wed Apr  3 03:27:19 2024
WARNING: Your ClamAV installation is OUTDATED!
WARNING: Local version: 0.100.3 Recommended version: 0.103.11
DON'T PANIC! Read https://www.clamav.net/documents/upgrading-clamav
WARNING: getpatch: Can't download main-59.cdiff from db.local.clamav.net
WARNING: getpatch: Can't download main-59.cdiff from db.local.clamav.net
ERROR: getpatch: Can't download main-59.cdiff from db.local.clamav.net
WARNING: Incremental update failed, trying to download main.cvd
Trying host db.local.clamav.net (2606:4700::6810:db54)...
nonblock_connect: connect(): fd=5 errno=101: Network is unreachable
Can't connect to port 80 of host db.local.clamav.net (IP: 2606:4700::6810:db54)
Trying host db.local.clamav.net (2606:4700::6810:da54)...
nonblock_connect: connect(): fd=5 errno=101: Network is unreachable
Can't connect to port 80 of host db.local.clamav.net (IP: 2606:4700::6810:da54)
ERROR: Can't download main.cvd from db.local.clamav.net
Giving up on db.local.clamav.net...
Update failed. Your network may be down or none of the mirrors listed in /etc/freshclam.conf is working. Check https://www.clamav.net/documents/official-mirror-faq for possible reasons.
