Mar 31 22:22:53 master: Info: Dovecot v2.1.17 starting up (core dumps disabled)
Mar 31 22:22:53 ssl-params: Info: Generating SSL parameters
Mar 31 22:23:03 ssl-params: Info: SSL parameters regeneration completed
Mar 31 22:24:53 master: Info: Dovecot v2.1.17 starting up (core dumps disabled)
Mar 31 22:31:53 master: Info: Dovecot v2.1.17 starting up (core dumps disabled)
Mar 31 22:36:30 master: Info: Dovecot v2.1.17 starting up (core dumps disabled)
Mar 31 22:41:09 master: Info: Dovecot v2.1.17 starting up (core dumps disabled)
Mar 31 22:41:43 master: Info: Dovecot v2.1.17 starting up (core dumps disabled)
Mar 31 22:42:32 master: Info: Dovecot v2.1.17 starting up (core dumps disabled)
Mar 31 22:45:25 master: Info: Dovecot v2.1.17 starting up (core dumps disabled)
Mar 31 22:47:00 master: Info: Dovecot v2.1.17 starting up (core dumps disabled)
Mar 31 22:51:35 master: Info: Dovecot v2.1.17 starting up (core dumps disabled)
Mar 31 22:52:21 master: Info: Dovecot v2.1.17 starting up (core dumps disabled)
Mar 31 22:58:31 master: Info: Dovecot v2.1.17 starting up (core dumps disabled)
Mar 31 22:59:19 master: Info: Dovecot v2.1.17 starting up (core dumps disabled)
Mar 31 23:00:06 master: Info: Dovecot v2.1.17 starting up (core dumps disabled)
Mar 31 23:07:12 master: Info: Dovecot v2.1.17 starting up (core dumps disabled)
Mar 31 23:07:12 ssl-params: Info: Generating SSL parameters
Mar 31 23:07:17 ssl-params: Info: SSL parameters regeneration completed
Mar 31 23:10:33 master: Info: Dovecot v2.1.17 starting up (core dumps disabled)
Mar 31 23:13:41 master: Info: Dovecot v2.1.17 starting up (core dumps disabled)
Mar 31 23:13:41 ssl-params: Info: Generating SSL parameters
Mar 31 23:13:43 ssl-params: Info: SSL parameters regeneration completed
Apr 02 13:22:09 master: Info: Dovecot v2.1.17 starting up (core dumps disabled)
Apr 02 13:22:09 ssl-params: Info: Generating SSL parameters
Apr 02 13:22:11 ssl-params: Info: SSL parameters regeneration completed
Apr 02 14:08:04 auth-worker(1738): Info: mysql(mis-mysql): Connected to database onlyoffice_mailserver
Apr 02 16:23:49 master: Info: Dovecot v2.1.17 starting up (core dumps disabled)
Apr 02 16:26:05 master: Info: Dovecot v2.1.17 starting up (core dumps disabled)
Apr 02 16:27:46 master: Info: Dovecot v2.1.17 starting up (core dumps disabled)
Apr 02 17:18:41 master: Info: Dovecot v2.1.17 starting up (core dumps disabled)
Apr 02 17:19:25 master: Info: Dovecot v2.1.17 starting up (core dumps disabled)
Apr 02 17:20:54 master: Info: Dovecot v2.1.17 starting up (core dumps disabled)
Apr 02 17:28:05 master: Info: Dovecot v2.1.17 starting up (core dumps disabled)
Apr 02 17:35:23 master: Info: Dovecot v2.1.17 starting up (core dumps disabled)
Apr 02 17:38:24 master: Info: Dovecot v2.1.17 starting up (core dumps disabled)
Apr 02 17:55:43 master: Info: Dovecot v2.1.17 starting up (core dumps disabled)
Apr 02 18:12:58 master: Info: Dovecot v2.1.17 starting up (core dumps disabled)
Apr 02 18:18:38 master: Info: Dovecot v2.1.17 starting up (core dumps disabled)
Apr 02 18:28:08 master: Info: Dovecot v2.1.17 starting up (core dumps disabled)
Apr 02 18:31:30 master: Info: Dovecot v2.1.17 starting up (core dumps disabled)
Apr 02 18:43:42 master: Info: Dovecot v2.1.17 starting up (core dumps disabled)
Apr 02 18:45:41 master: Info: Dovecot v2.1.17 starting up (core dumps disabled)
Apr 02 18:49:27 master: Info: Dovecot v2.1.17 starting up (core dumps disabled)
Apr 02 18:50:40 master: Info: Dovecot v2.1.17 starting up (core dumps disabled)
Apr 02 19:06:26 master: Info: Dovecot v2.1.17 starting up (core dumps disabled)
Apr 02 19:07:16 master: Info: Dovecot v2.1.17 starting up (core dumps disabled)
Apr 02 19:19:58 master: Info: Dovecot v2.1.17 starting up (core dumps disabled)
Apr 02 19:27:10 master: Info: Dovecot v2.1.17 starting up (core dumps disabled)
Apr 02 19:28:15 master: Info: Dovecot v2.1.17 starting up (core dumps disabled)
Apr 02 19:30:08 master: Info: Dovecot v2.1.17 starting up (core dumps disabled)
Apr 02 19:34:16 master: Info: Dovecot v2.1.17 starting up (core dumps disabled)
Apr 02 19:35:07 master: Info: Dovecot v2.1.17 starting up (core dumps disabled)
Apr 02 19:41:37 master: Info: Dovecot v2.1.17 starting up (core dumps disabled)
Apr 02 20:17:10 master: Info: Dovecot v2.1.17 starting up (core dumps disabled)
Apr 02 20:20:54 master: Info: Dovecot v2.1.17 starting up (core dumps disabled)
Apr 02 20:24:14 master: Info: Dovecot v2.1.17 starting up (core dumps disabled)
Apr 02 20:45:30 master: Info: Dovecot v2.1.17 starting up (core dumps disabled)
Apr 02 20:48:30 master: Info: Dovecot v2.1.17 starting up (core dumps disabled)
Apr 03 03:27:07 auth-worker(1262): Info: mysql(mis-mysql): Connected to database onlyoffice_mailserver
Apr 03 06:00:09 auth-worker(1499): Info: mysql(mis-mysql): Connected to database onlyoffice_mailserver
