[2024-04-02 17:18:42Z] Error   Could not start server
[2024-04-02 17:18:44Z] Error   Could not start server
[2024-04-02 17:18:47Z] Error   Could not start server
[2024-04-02 17:18:51Z] Error   Could not start server
[2024-04-02 17:18:56Z] Error   Could not start server
[2024-04-02 17:19:01Z] Error   Could not start server
[2024-04-02 17:19:26Z] Error   Could not start server
[2024-04-02 17:19:28Z] Error   Could not start server
[2024-04-02 17:19:31Z] Error   Could not start server
[2024-04-02 17:19:35Z] Error   Could not start server
[2024-04-02 17:19:40Z] Error   Could not start server
[2024-04-02 17:19:46Z] Error   Could not start server
[2024-04-02 17:20:56Z] Error   Could not start server
[2024-04-02 17:20:58Z] Error   Could not start server
[2024-04-02 17:21:01Z] Error   Could not start server
[2024-04-02 17:21:04Z] Error   Could not start server
[2024-04-02 17:21:10Z] Error   Could not start server
[2024-04-02 17:21:16Z] Error   Could not start server
[2024-04-02 17:35:24Z] Error   Could not start server
[2024-04-02 17:35:25Z] Error   Could not start server
[2024-04-02 17:35:27Z] Error   Could not start server
[2024-04-02 17:35:30Z] Error   Could not start server
[2024-04-02 17:35:34Z] Error   Could not start server
[2024-04-02 17:35:39Z] Error   Could not start server
[2024-04-02 17:35:46Z] Error   Could not start server
[2024-04-02 17:38:26Z] Error   Could not start server
[2024-04-02 17:38:28Z] Error   Could not start server
[2024-04-02 17:38:31Z] Error   Could not start server
[2024-04-02 17:38:33Z] Error   Could not start server
[2024-04-02 17:38:35Z] Error   Could not start server
[2024-04-02 17:38:37Z] Error   Could not start server
[2024-04-02 17:38:39Z] Error   Could not start server
[2024-04-02 17:38:41Z] Error   Could not start server
[2024-04-02 17:38:46Z] Error   Could not start server
[2024-04-02 17:38:51Z] Error   Could not start server
[2024-04-02 17:38:56Z] Error   Could not start server
[2024-04-02 17:55:44Z] Error   Could not start server
[2024-04-02 17:55:45Z] Error   Could not start server
[2024-04-02 17:55:46Z] Error   Could not start server
[2024-04-02 17:55:48Z] Error   Could not start server
[2024-04-02 17:55:51Z] Error   Could not start server
[2024-04-02 17:55:55Z] Error   Could not start server
[2024-04-02 17:56:00Z] Error   Could not start server
[2024-04-02 17:56:06Z] Error   Could not start server
[2024-04-02 18:13:00Z] Error   Could not start server
[2024-04-02 18:13:01Z] Error   Could not start server
[2024-04-02 18:13:04Z] Error   Could not start server
[2024-04-02 18:13:08Z] Error   Could not start server
[2024-04-02 18:13:13Z] Error   Could not start server
[2024-04-02 18:13:19Z] Error   Could not start server
[2024-04-02 18:18:39Z] Error   Could not start server
[2024-04-02 18:18:41Z] Error   Could not start server
[2024-04-02 18:18:42Z] Error   Could not start server
[2024-04-02 18:18:44Z] Error   Could not start server
[2024-04-02 18:18:47Z] Error   Could not start server
[2024-04-02 18:18:51Z] Error   Could not start server
[2024-04-02 18:18:57Z] Error   Could not start server
[2024-04-02 18:19:03Z] Error   Could not start server
[2024-04-02 18:28:09Z] Error   Could not start server
[2024-04-02 18:28:11Z] Error   Could not start server
[2024-04-02 18:28:14Z] Error   Could not start server
[2024-04-02 18:28:18Z] Error   Could not start server
[2024-04-02 18:28:23Z] Error   Could not start server
[2024-04-02 18:28:29Z] Error   Could not start server
[2024-04-02 18:31:31Z] Error   Could not start server
[2024-04-02 18:31:33Z] Error   Could not start server
[2024-04-02 18:31:36Z] Error   Could not start server
[2024-04-02 18:31:40Z] Error   Could not start server
[2024-04-02 18:31:45Z] Error   Could not start server
[2024-04-02 18:31:52Z] Error   Could not start server
[2024-04-02 18:40:15Z] Error   Could not start server
[2024-04-02 18:44:10Z] Error   Could not start server
[2024-04-02 18:46:10Z] Error   Could not start server
[2024-04-02 19:27:11Z] Error   Could not start server
[2024-04-02 19:27:13Z] Error   Could not start server
[2024-04-02 19:27:16Z] Error   Could not start server
[2024-04-02 19:27:20Z] Error   Could not start server
[2024-04-02 19:27:24Z] Error   Could not start server
[2024-04-02 19:27:30Z] Error   Could not start server
[2024-04-02 19:28:16Z] Error   Could not start server
[2024-04-02 19:28:18Z] Error   Could not start server
[2024-04-02 19:28:21Z] Error   Could not start server
[2024-04-02 19:28:25Z] Error   Could not start server
[2024-04-02 19:28:30Z] Error   Could not start server
[2024-04-02 19:28:36Z] Error   Could not start server
[2024-04-02 20:41:48Z] Error   Could not start server
[2024-04-02 20:42:02Z] Error   Could not start server
[2024-04-02 20:45:32Z] Error   Could not start server
[2024-04-02 20:46:18Z] Error   Could not start server
[2024-04-02 20:46:45Z] Error   Could not start server
[2024-04-02 20:47:03Z] Error   Could not start server
[2024-04-02 20:47:21Z] Error   Could not start server
[2024-04-02 20:49:18Z] Error   Could not start server
[2024-04-02 20:56:26Z] Error   Could not start server
[2024-04-02 20:56:28Z] Error   Could not start server
[2024-04-02 20:56:31Z] Error   Could not start server
[2024-04-02 20:56:35Z] Error   Could not start server
[2024-04-02 20:56:40Z] Error   Could not start server
[2024-04-02 20:56:46Z] Error   Could not start server
[2024-04-02 20:57:46Z] Debug   HyperFastCgi
[2024-04-02 20:57:46Z] Debug   Threadpool minw=1200,minio=24,maxw=120000,maxio=200
[2024-04-02 20:57:46Z] Debug   Root directory: /var/www/onlyoffice/ApiSystem
[2024-04-02 20:57:46Z] Debug   SimpleApplicationServer.CreateAppHost vhost=, vport=0
[2024-04-02 20:57:46Z] Debug   Listening on port: 0
[2024-04-02 20:57:46Z] Debug   Listening on address: /var/run/onlyoffice/onlyofficeApiSystem.socket
[2024-04-02 20:57:48Z] Debug   HyperFastCgi
[2024-04-02 20:57:48Z] Debug   Threadpool minw=1200,minio=24,maxw=120000,maxio=200
[2024-04-02 20:57:48Z] Debug   Root directory: /var/www/onlyoffice/ApiSystem
[2024-04-02 20:57:48Z] Debug   SimpleApplicationServer.CreateAppHost vhost=, vport=0
[2024-04-02 20:57:48Z] Debug   Listening on port: 0
[2024-04-02 20:57:48Z] Debug   Listening on address: /var/run/onlyoffice/onlyofficeApiSystem.socket
