2024-04-02 20:28:17,043 ERROR [21] ASC.Backup.Cleaner - error while cleaning expired backup records MySql.Data.MySqlClient.MySqlException (0x80004005): Unable to connect to any of the specified MySQL hosts. ---> System.Net.Sockets.SocketException (0x80004005): Connection refused
  at System.Net.Sockets.SocketAsyncResult.CheckIfThrowDelayedException () [0x00014] in <88f564ea69dd4dc8ba9bf979e48d5996>:0 
  at System.Net.Sockets.Socket.EndConnect (System.IAsyncResult asyncResult) [0x0002c] in <88f564ea69dd4dc8ba9bf979e48d5996>:0 
  at System.Net.Sockets.TcpClient.EndConnect (System.IAsyncResult asyncResult) [0x0000c] in <88f564ea69dd4dc8ba9bf979e48d5996>:0 
  at System.Threading.Tasks.TaskFactory`1[TResult].FromAsyncCoreLogic (System.IAsyncResult iar, System.Func`2[T,TResult] endFunction, System.Action`1[T] endAction, System.Threading.Tasks.Task`1[TResult] promise, System.Boolean requiresSynchronization) [0x00019] in <f2b3ab7dfff746f594d2ef5b16ec3c90>:0 
  at MySql.Data.MySqlClient.NativeDriver+<>c.<Open>b__40_0 (System.Exception ex) [0x00018] in <a9b48eaab91c4d519106c395cb41f6ab>:0 
  at System.AggregateException.Handle (System.Func`2[T,TResult] predicate) [0x00021] in <f2b3ab7dfff746f594d2ef5b16ec3c90>:0 
  at MySql.Data.MySqlClient.NativeDriver.Open () [0x00035] in <a9b48eaab91c4d519106c395cb41f6ab>:0 
  at MySql.Data.MySqlClient.Driver.Open () [0x0000e] in <a9b48eaab91c4d519106c395cb41f6ab>:0 
  at MySql.Data.MySqlClient.Driver.Create (MySql.Data.MySqlClient.MySqlConnectionStringBuilder settings) [0x00045] in <a9b48eaab91c4d519106c395cb41f6ab>:0 
  at MySql.Data.MySqlClient.MySqlPool.CreateNewPooledConnection () [0x00006] in <a9b48eaab91c4d519106c395cb41f6ab>:0 
  at MySql.Data.MySqlClient.MySqlPool.GetPooledConnection () [0x000a5] in <a9b48eaab91c4d519106c395cb41f6ab>:0 
  at MySql.Data.MySqlClient.MySqlPool.TryToGetDriver () [0x0003f] in <a9b48eaab91c4d519106c395cb41f6ab>:0 
  at MySql.Data.MySqlClient.MySqlPool.GetConnection () [0x0001c] in <a9b48eaab91c4d519106c395cb41f6ab>:0 
  at MySql.Data.MySqlClient.MySqlConnection.Open () [0x00245] in <a9b48eaab91c4d519106c395cb41f6ab>:0 
  at ASC.Common.Data.DbManager.OpenConnection () [0x00006] in <af71eb56944f4fed9442e552bab3cf21>:0 
  at ASC.Common.Data.DbManager.get_Command () [0x0000e] in <af71eb56944f4fed9442e552bab3cf21>:0 
  at ASC.Common.Data.DataExtensions.ApplySqlInstruction (ASC.Common.Data.IDbManager manager, ASC.Common.Data.Sql.ISqlInstruction sql, ASC.Common.Data.Sql.ISqlDialect dialect) [0x00098] in <af71eb56944f4fed9442e552bab3cf21>:0 
  at ASC.Common.Data.DataExtensions.ExecuteList (ASC.Common.Data.DbManager manager, ASC.Common.Data.Sql.ISqlInstruction sql, ASC.Common.Data.Sql.ISqlDialect dialect) [0x00000] in <af71eb56944f4fed9442e552bab3cf21>:0 
  at ASC.Common.Data.DbManager.ExecuteList (ASC.Common.Data.Sql.ISqlInstruction sql) [0x00008] in <af71eb56944f4fed9442e552bab3cf21>:0 
  at ASC.Data.Backup.Storage.BackupRepository.GetExpiredBackupRecords () [0x000c4] in <303ced0fac3d4b62bef7e914e7578dfe>:0 
  at ASC.Data.Backup.Service.BackupCleanerService.DeleteExpiredBackups () [0x00026] in <303ced0fac3d4b62bef7e914e7578dfe>:0 
2024-04-02 20:28:17,043 ERROR [29] ASC.Backup.Scheduler - error while scheduling backups: {0} MySql.Data.MySqlClient.MySqlException (0x80004005): Unable to connect to any of the specified MySQL hosts. ---> System.Net.Sockets.SocketException (0x80004005): Connection refused
  at System.Net.Sockets.SocketAsyncResult.CheckIfThrowDelayedException () [0x00014] in <88f564ea69dd4dc8ba9bf979e48d5996>:0 
  at System.Net.Sockets.Socket.EndConnect (System.IAsyncResult asyncResult) [0x0002c] in <88f564ea69dd4dc8ba9bf979e48d5996>:0 
  at System.Net.Sockets.TcpClient.EndConnect (System.IAsyncResult asyncResult) [0x0000c] in <88f564ea69dd4dc8ba9bf979e48d5996>:0 
  at System.Threading.Tasks.TaskFactory`1[TResult].FromAsyncCoreLogic (System.IAsyncResult iar, System.Func`2[T,TResult] endFunction, System.Action`1[T] endAction, System.Threading.Tasks.Task`1[TResult] promise, System.Boolean requiresSynchronization) [0x00019] in <f2b3ab7dfff746f594d2ef5b16ec3c90>:0 
  at MySql.Data.MySqlClient.NativeDriver+<>c.<Open>b__40_0 (System.Exception ex) [0x00018] in <a9b48eaab91c4d519106c395cb41f6ab>:0 
  at System.AggregateException.Handle (System.Func`2[T,TResult] predicate) [0x00021] in <f2b3ab7dfff746f594d2ef5b16ec3c90>:0 
  at MySql.Data.MySqlClient.NativeDriver.Open () [0x00035] in <a9b48eaab91c4d519106c395cb41f6ab>:0 
  at MySql.Data.MySqlClient.Driver.Open () [0x0000e] in <a9b48eaab91c4d519106c395cb41f6ab>:0 
  at MySql.Data.MySqlClient.Driver.Create (MySql.Data.MySqlClient.MySqlConnectionStringBuilder settings) [0x00045] in <a9b48eaab91c4d519106c395cb41f6ab>:0 
  at MySql.Data.MySqlClient.MySqlPool.CreateNewPooledConnection () [0x00006] in <a9b48eaab91c4d519106c395cb41f6ab>:0 
  at MySql.Data.MySqlClient.MySqlPool.GetPooledConnection () [0x000a5] in <a9b48eaab91c4d519106c395cb41f6ab>:0 
  at MySql.Data.MySqlClient.MySqlPool.TryToGetDriver () [0x0003f] in <a9b48eaab91c4d519106c395cb41f6ab>:0 
  at MySql.Data.MySqlClient.MySqlPool.GetConnection () [0x0001c] in <a9b48eaab91c4d519106c395cb41f6ab>:0 
  at MySql.Data.MySqlClient.MySqlConnection.Open () [0x00245] in <a9b48eaab91c4d519106c395cb41f6ab>:0 
  at ASC.Common.Data.DbManager.OpenConnection () [0x00006] in <af71eb56944f4fed9442e552bab3cf21>:0 
  at ASC.Common.Data.DbManager.get_Command () [0x0000e] in <af71eb56944f4fed9442e552bab3cf21>:0 
  at ASC.Common.Data.DataExtensions.ApplySqlInstruction (ASC.Common.Data.IDbManager manager, ASC.Common.Data.Sql.ISqlInstruction sql, ASC.Common.Data.Sql.ISqlDialect dialect) [0x00098] in <af71eb56944f4fed9442e552bab3cf21>:0 
  at ASC.Common.Data.DataExtensions.ExecuteList (ASC.Common.Data.DbManager manager, ASC.Common.Data.Sql.ISqlInstruction sql, ASC.Common.Data.Sql.ISqlDialect dialect) [0x00000] in <af71eb56944f4fed9442e552bab3cf21>:0 
  at ASC.Common.Data.DbManager.ExecuteList (ASC.Common.Data.Sql.ISqlInstruction sql) [0x00008] in <af71eb56944f4fed9442e552bab3cf21>:0 
  at ASC.Data.Backup.Storage.BackupRepository.GetBackupSchedules () [0x00086] in <303ced0fac3d4b62bef7e914e7578dfe>:0 
  at ASC.Data.Backup.Service.BackupSchedulerService.ScheduleBackupTasks () [0x0002b] in <303ced0fac3d4b62bef7e914e7578dfe>:0 
2024-04-02 20:43:16,878 ERROR [40] ASC.Backup.Scheduler - error while scheduling backups: {0} MySql.Data.MySqlClient.MySqlException (0x80004005): Unable to connect to any of the specified MySQL hosts. ---> System.Net.Sockets.SocketException (0x80004005): Connection refused
  at System.Net.Sockets.SocketAsyncResult.CheckIfThrowDelayedException () [0x00014] in <88f564ea69dd4dc8ba9bf979e48d5996>:0 
  at System.Net.Sockets.Socket.EndConnect (System.IAsyncResult asyncResult) [0x0002c] in <88f564ea69dd4dc8ba9bf979e48d5996>:0 
  at System.Net.Sockets.TcpClient.EndConnect (System.IAsyncResult asyncResult) [0x0000c] in <88f564ea69dd4dc8ba9bf979e48d5996>:0 
  at System.Threading.Tasks.TaskFactory`1[TResult].FromAsyncCoreLogic (System.IAsyncResult iar, System.Func`2[T,TResult] endFunction, System.Action`1[T] endAction, System.Threading.Tasks.Task`1[TResult] promise, System.Boolean requiresSynchronization) [0x00019] in <f2b3ab7dfff746f594d2ef5b16ec3c90>:0 
  at MySql.Data.MySqlClient.NativeDriver+<>c.<Open>b__40_0 (System.Exception ex) [0x00018] in <a9b48eaab91c4d519106c395cb41f6ab>:0 
  at System.AggregateException.Handle (System.Func`2[T,TResult] predicate) [0x00021] in <f2b3ab7dfff746f594d2ef5b16ec3c90>:0 
  at MySql.Data.MySqlClient.NativeDriver.Open () [0x00035] in <a9b48eaab91c4d519106c395cb41f6ab>:0 
  at MySql.Data.MySqlClient.Driver.Open () [0x0000e] in <a9b48eaab91c4d519106c395cb41f6ab>:0 
  at MySql.Data.MySqlClient.Driver.Create (MySql.Data.MySqlClient.MySqlConnectionStringBuilder settings) [0x00045] in <a9b48eaab91c4d519106c395cb41f6ab>:0 
  at MySql.Data.MySqlClient.MySqlPool.CreateNewPooledConnection () [0x00006] in <a9b48eaab91c4d519106c395cb41f6ab>:0 
  at MySql.Data.MySqlClient.MySqlPool.GetPooledConnection () [0x000a5] in <a9b48eaab91c4d519106c395cb41f6ab>:0 
  at MySql.Data.MySqlClient.MySqlPool.TryToGetDriver () [0x0003f] in <a9b48eaab91c4d519106c395cb41f6ab>:0 
  at MySql.Data.MySqlClient.MySqlPool.GetConnection () [0x0001c] in <a9b48eaab91c4d519106c395cb41f6ab>:0 
  at MySql.Data.MySqlClient.MySqlConnection.Open () [0x00245] in <a9b48eaab91c4d519106c395cb41f6ab>:0 
  at ASC.Common.Data.DbManager.OpenConnection () [0x00006] in <af71eb56944f4fed9442e552bab3cf21>:0 
  at ASC.Common.Data.DbManager.get_Command () [0x0000e] in <af71eb56944f4fed9442e552bab3cf21>:0 
  at ASC.Common.Data.DataExtensions.ApplySqlInstruction (ASC.Common.Data.IDbManager manager, ASC.Common.Data.Sql.ISqlInstruction sql, ASC.Common.Data.Sql.ISqlDialect dialect) [0x00098] in <af71eb56944f4fed9442e552bab3cf21>:0 
  at ASC.Common.Data.DataExtensions.ExecuteList (ASC.Common.Data.DbManager manager, ASC.Common.Data.Sql.ISqlInstruction sql, ASC.Common.Data.Sql.ISqlDialect dialect) [0x00000] in <af71eb56944f4fed9442e552bab3cf21>:0 
  at ASC.Common.Data.DbManager.ExecuteList (ASC.Common.Data.Sql.ISqlInstruction sql) [0x00008] in <af71eb56944f4fed9442e552bab3cf21>:0 
  at ASC.Data.Backup.Storage.BackupRepository.GetBackupSchedules () [0x00086] in <303ced0fac3d4b62bef7e914e7578dfe>:0 
  at ASC.Data.Backup.Service.BackupSchedulerService.ScheduleBackupTasks () [0x0002b] in <303ced0fac3d4b62bef7e914e7578dfe>:0 
2024-04-02 20:43:16,878 ERROR [41] ASC.Backup.Cleaner - error while cleaning expired backup records MySql.Data.MySqlClient.MySqlException (0x80004005): Unable to connect to any of the specified MySQL hosts. ---> System.Net.Sockets.SocketException (0x80004005): Connection refused
  at System.Net.Sockets.SocketAsyncResult.CheckIfThrowDelayedException () [0x00014] in <88f564ea69dd4dc8ba9bf979e48d5996>:0 
  at System.Net.Sockets.Socket.EndConnect (System.IAsyncResult asyncResult) [0x0002c] in <88f564ea69dd4dc8ba9bf979e48d5996>:0 
  at System.Net.Sockets.TcpClient.EndConnect (System.IAsyncResult asyncResult) [0x0000c] in <88f564ea69dd4dc8ba9bf979e48d5996>:0 
  at System.Threading.Tasks.TaskFactory`1[TResult].FromAsyncCoreLogic (System.IAsyncResult iar, System.Func`2[T,TResult] endFunction, System.Action`1[T] endAction, System.Threading.Tasks.Task`1[TResult] promise, System.Boolean requiresSynchronization) [0x00019] in <f2b3ab7dfff746f594d2ef5b16ec3c90>:0 
  at MySql.Data.MySqlClient.NativeDriver+<>c.<Open>b__40_0 (System.Exception ex) [0x00018] in <a9b48eaab91c4d519106c395cb41f6ab>:0 
  at System.AggregateException.Handle (System.Func`2[T,TResult] predicate) [0x00021] in <f2b3ab7dfff746f594d2ef5b16ec3c90>:0 
  at MySql.Data.MySqlClient.NativeDriver.Open () [0x00035] in <a9b48eaab91c4d519106c395cb41f6ab>:0 
  at MySql.Data.MySqlClient.Driver.Open () [0x0000e] in <a9b48eaab91c4d519106c395cb41f6ab>:0 
  at MySql.Data.MySqlClient.Driver.Create (MySql.Data.MySqlClient.MySqlConnectionStringBuilder settings) [0x00045] in <a9b48eaab91c4d519106c395cb41f6ab>:0 
  at MySql.Data.MySqlClient.MySqlPool.CreateNewPooledConnection () [0x00006] in <a9b48eaab91c4d519106c395cb41f6ab>:0 
  at MySql.Data.MySqlClient.MySqlPool.GetPooledConnection () [0x000a5] in <a9b48eaab91c4d519106c395cb41f6ab>:0 
  at MySql.Data.MySqlClient.MySqlPool.TryToGetDriver () [0x0003f] in <a9b48eaab91c4d519106c395cb41f6ab>:0 
  at MySql.Data.MySqlClient.MySqlPool.GetConnection () [0x0001c] in <a9b48eaab91c4d519106c395cb41f6ab>:0 
  at MySql.Data.MySqlClient.MySqlConnection.Open () [0x00245] in <a9b48eaab91c4d519106c395cb41f6ab>:0 
  at ASC.Common.Data.DbManager.OpenConnection () [0x00006] in <af71eb56944f4fed9442e552bab3cf21>:0 
  at ASC.Common.Data.DbManager.get_Command () [0x0000e] in <af71eb56944f4fed9442e552bab3cf21>:0 
  at ASC.Common.Data.DataExtensions.ApplySqlInstruction (ASC.Common.Data.IDbManager manager, ASC.Common.Data.Sql.ISqlInstruction sql, ASC.Common.Data.Sql.ISqlDialect dialect) [0x00098] in <af71eb56944f4fed9442e552bab3cf21>:0 
  at ASC.Common.Data.DataExtensions.ExecuteList (ASC.Common.Data.DbManager manager, ASC.Common.Data.Sql.ISqlInstruction sql, ASC.Common.Data.Sql.ISqlDialect dialect) [0x00000] in <af71eb56944f4fed9442e552bab3cf21>:0 
  at ASC.Common.Data.DbManager.ExecuteList (ASC.Common.Data.Sql.ISqlInstruction sql) [0x00008] in <af71eb56944f4fed9442e552bab3cf21>:0 
  at ASC.Data.Backup.Storage.BackupRepository.GetExpiredBackupRecords () [0x000c4] in <303ced0fac3d4b62bef7e914e7578dfe>:0 
  at ASC.Data.Backup.Service.BackupCleanerService.DeleteExpiredBackups () [0x00026] in <303ced0fac3d4b62bef7e914e7578dfe>:0 
