30 Mar 21:46:33 - [803] reading config file: ./config/config.js
30 Mar 21:46:33 - server is up INFO
Flushing stats at  Sat Mar 30 2024 21:56:33 GMT+0000 (Coordinated Universal Time)
{
  counters: {
    'statsd.bad_lines_seen': 0,
    'statsd.packets_received': 0,
    'statsd.metrics_received': 0
  },
  timers: {},
  gauges: {},
  timer_data: {},
  counter_rates: {
    'statsd.bad_lines_seen': 0,
    'statsd.packets_received': 0,
    'statsd.metrics_received': 0
  },
  sets: {},
  pctThreshold: [ 90 ]
}
Flushing stats at  Sat Mar 30 2024 22:06:33 GMT+0000 (Coordinated Universal Time)
{
  counters: {
    'statsd.bad_lines_seen': 0,
    'statsd.packets_received': 0,
    'statsd.metrics_received': 0
  },
  timers: {},
  gauges: { 'statsd.timestamp_lag': 0 },
  timer_data: {},
  counter_rates: {
    'statsd.bad_lines_seen': 0,
    'statsd.packets_received': 0,
    'statsd.metrics_received': 0
  },
  sets: {},
  pctThreshold: [ 90 ]
}
Flushing stats at  Sat Mar 30 2024 22:16:33 GMT+0000 (Coordinated Universal Time)
{
  counters: {
    'statsd.bad_lines_seen': 0,
    'statsd.packets_received': 0,
    'statsd.metrics_received': 0
  },
  timers: {},
  gauges: { 'statsd.timestamp_lag': 0 },
  timer_data: {},
  counter_rates: {
    'statsd.bad_lines_seen': 0,
    'statsd.packets_received': 0,
    'statsd.metrics_received': 0
  },
  sets: {},
  pctThreshold: [ 90 ]
}
Flushing stats at  Sat Mar 30 2024 22:26:33 GMT+0000 (Coordinated Universal Time)
{
  counters: {
    'statsd.bad_lines_seen': 0,
    'statsd.packets_received': 0,
    'statsd.metrics_received': 0
  },
  timers: {},
  gauges: { 'statsd.timestamp_lag': 0 },
  timer_data: {},
  counter_rates: {
    'statsd.bad_lines_seen': 0,
    'statsd.packets_received': 0,
    'statsd.metrics_received': 0
  },
  sets: {},
  pctThreshold: [ 90 ]
}
Flushing stats at  Sat Mar 30 2024 22:36:33 GMT+0000 (Coordinated Universal Time)
{
  counters: {
    'statsd.bad_lines_seen': 0,
    'statsd.packets_received': 0,
    'statsd.metrics_received': 0
  },
  timers: {},
  gauges: { 'statsd.timestamp_lag': 0 },
  timer_data: {},
  counter_rates: {
    'statsd.bad_lines_seen': 0,
    'statsd.packets_received': 0,
    'statsd.metrics_received': 0
  },
  sets: {},
  pctThreshold: [ 90 ]
}
Flushing stats at  Sat Mar 30 2024 22:46:33 GMT+0000 (Coordinated Universal Time)
{
  counters: {
    'statsd.bad_lines_seen': 0,
    'statsd.packets_received': 0,
    'statsd.metrics_received': 0
  },
  timers: {},
  gauges: { 'statsd.timestamp_lag': 0 },
  timer_data: {},
  counter_rates: {
    'statsd.bad_lines_seen': 0,
    'statsd.packets_received': 0,
    'statsd.metrics_received': 0
  },
  sets: {},
  pctThreshold: [ 90 ]
}
Flushing stats at  Sat Mar 30 2024 22:56:33 GMT+0000 (Coordinated Universal Time)
{
  counters: {
    'statsd.bad_lines_seen': 0,
    'statsd.packets_received': 0,
    'statsd.metrics_received': 0
  },
  timers: {},
  gauges: { 'statsd.timestamp_lag': 0 },
  timer_data: {},
  counter_rates: {
    'statsd.bad_lines_seen': 0,
    'statsd.packets_received': 0,
    'statsd.metrics_received': 0
  },
  sets: {},
  pctThreshold: [ 90 ]
}
Flushing stats at  Sat Mar 30 2024 23:06:33 GMT+0000 (Coordinated Universal Time)
{
  counters: {
    'statsd.bad_lines_seen': 0,
    'statsd.packets_received': 0,
    'statsd.metrics_received': 0
  },
  timers: {},
  gauges: { 'statsd.timestamp_lag': 0 },
  timer_data: {},
  counter_rates: {
    'statsd.bad_lines_seen': 0,
    'statsd.packets_received': 0,
    'statsd.metrics_received': 0
  },
  sets: {},
  pctThreshold: [ 90 ]
}
Flushing stats at  Sat Mar 30 2024 23:16:33 GMT+0000 (Coordinated Universal Time)
{
  counters: {
    'statsd.bad_lines_seen': 0,
    'statsd.packets_received': 0,
    'statsd.metrics_received': 0
  },
  timers: {},
  gauges: { 'statsd.timestamp_lag': 0 },
  timer_data: {},
  counter_rates: {
    'statsd.bad_lines_seen': 0,
    'statsd.packets_received': 0,
    'statsd.metrics_received': 0
  },
  sets: {},
  pctThreshold: [ 90 ]
}
Flushing stats at  Sat Mar 30 2024 23:26:33 GMT+0000 (Coordinated Universal Time)
{
  counters: {
    'statsd.bad_lines_seen': 0,
    'statsd.packets_received': 0,
    'statsd.metrics_received': 0
  },
  timers: {},
  gauges: { 'statsd.timestamp_lag': 0 },
  timer_data: {},
  counter_rates: {
    'statsd.bad_lines_seen': 0,
    'statsd.packets_received': 0,
    'statsd.metrics_received': 0
  },
  sets: {},
  pctThreshold: [ 90 ]
}
Flushing stats at  Sat Mar 30 2024 23:36:33 GMT+0000 (Coordinated Universal Time)
{
  counters: {
    'statsd.bad_lines_seen': 0,
    'statsd.packets_received': 0,
    'statsd.metrics_received': 0
  },
  timers: {},
  gauges: { 'statsd.timestamp_lag': 0 },
  timer_data: {},
  counter_rates: {
    'statsd.bad_lines_seen': 0,
    'statsd.packets_received': 0,
    'statsd.metrics_received': 0
  },
  sets: {},
  pctThreshold: [ 90 ]
}
Flushing stats at  Sat Mar 30 2024 23:46:33 GMT+0000 (Coordinated Universal Time)
{
  counters: {
    'statsd.bad_lines_seen': 0,
    'statsd.packets_received': 0,
    'statsd.metrics_received': 0
  },
  timers: {},
  gauges: { 'statsd.timestamp_lag': 0 },
  timer_data: {},
  counter_rates: {
    'statsd.bad_lines_seen': 0,
    'statsd.packets_received': 0,
    'statsd.metrics_received': 0
  },
  sets: {},
  pctThreshold: [ 90 ]
}
Flushing stats at  Sat Mar 30 2024 23:56:33 GMT+0000 (Coordinated Universal Time)
{
  counters: {
    'statsd.bad_lines_seen': 0,
    'statsd.packets_received': 0,
    'statsd.metrics_received': 0
  },
  timers: {},
  gauges: { 'statsd.timestamp_lag': 0 },
  timer_data: {},
  counter_rates: {
    'statsd.bad_lines_seen': 0,
    'statsd.packets_received': 0,
    'statsd.metrics_received': 0
  },
  sets: {},
  pctThreshold: [ 90 ]
}
Flushing stats at  Sun Mar 31 2024 00:06:33 GMT+0000 (Coordinated Universal Time)
{
  counters: {
    'statsd.bad_lines_seen': 0,
    'statsd.packets_received': 0,
    'statsd.metrics_received': 0
  },
  timers: {},
  gauges: { 'statsd.timestamp_lag': 0 },
  timer_data: {},
  counter_rates: {
    'statsd.bad_lines_seen': 0,
    'statsd.packets_received': 0,
    'statsd.metrics_received': 0
  },
  sets: {},
  pctThreshold: [ 90 ]
}
Flushing stats at  Sun Mar 31 2024 00:16:33 GMT+0000 (Coordinated Universal Time)
{
  counters: {
    'statsd.bad_lines_seen': 0,
    'statsd.packets_received': 0,
    'statsd.metrics_received': 0
  },
  timers: {},
  gauges: { 'statsd.timestamp_lag': 0 },
  timer_data: {},
  counter_rates: {
    'statsd.bad_lines_seen': 0,
    'statsd.packets_received': 0,
    'statsd.metrics_received': 0
  },
  sets: {},
  pctThreshold: [ 90 ]
}
Flushing stats at  Sun Mar 31 2024 00:26:33 GMT+0000 (Coordinated Universal Time)
{
  counters: {
    'statsd.bad_lines_seen': 0,
    'statsd.packets_received': 0,
    'statsd.metrics_received': 0
  },
  timers: {},
  gauges: { 'statsd.timestamp_lag': 0 },
  timer_data: {},
  counter_rates: {
    'statsd.bad_lines_seen': 0,
    'statsd.packets_received': 0,
    'statsd.metrics_received': 0
  },
  sets: {},
  pctThreshold: [ 90 ]
}
Flushing stats at  Sun Mar 31 2024 00:36:33 GMT+0000 (Coordinated Universal Time)
{
  counters: {
    'statsd.bad_lines_seen': 0,
    'statsd.packets_received': 0,
    'statsd.metrics_received': 0
  },
  timers: {},
  gauges: { 'statsd.timestamp_lag': 0 },
  timer_data: {},
  counter_rates: {
    'statsd.bad_lines_seen': 0,
    'statsd.packets_received': 0,
    'statsd.metrics_received': 0
  },
  sets: {},
  pctThreshold: [ 90 ]
}
Flushing stats at  Sun Mar 31 2024 00:46:33 GMT+0000 (Coordinated Universal Time)
{
  counters: {
    'statsd.bad_lines_seen': 0,
    'statsd.packets_received': 0,
    'statsd.metrics_received': 0
  },
  timers: {},
  gauges: { 'statsd.timestamp_lag': 0 },
  timer_data: {},
  counter_rates: {
    'statsd.bad_lines_seen': 0,
    'statsd.packets_received': 0,
    'statsd.metrics_received': 0
  },
  sets: {},
  pctThreshold: [ 90 ]
}
Flushing stats at  Sun Mar 31 2024 00:56:33 GMT+0000 (Coordinated Universal Time)
{
  counters: {
    'statsd.bad_lines_seen': 0,
    'statsd.packets_received': 0,
    'statsd.metrics_received': 0
  },
  timers: {},
  gauges: { 'statsd.timestamp_lag': 0 },
  timer_data: {},
  counter_rates: {
    'statsd.bad_lines_seen': 0,
    'statsd.packets_received': 0,
    'statsd.metrics_received': 0
  },
  sets: {},
  pctThreshold: [ 90 ]
}
Flushing stats at  Sun Mar 31 2024 01:06:33 GMT+0000 (Coordinated Universal Time)
{
  counters: {
    'statsd.bad_lines_seen': 0,
    'statsd.packets_received': 0,
    'statsd.metrics_received': 0
  },
  timers: {},
  gauges: { 'statsd.timestamp_lag': 0 },
  timer_data: {},
  counter_rates: {
    'statsd.bad_lines_seen': 0,
    'statsd.packets_received': 0,
    'statsd.metrics_received': 0
  },
  sets: {},
  pctThreshold: [ 90 ]
}
Flushing stats at  Sun Mar 31 2024 01:16:33 GMT+0000 (Coordinated Universal Time)
{
  counters: {
    'statsd.bad_lines_seen': 0,
    'statsd.packets_received': 0,
    'statsd.metrics_received': 0
  },
  timers: {},
  gauges: { 'statsd.timestamp_lag': 0 },
  timer_data: {},
  counter_rates: {
    'statsd.bad_lines_seen': 0,
    'statsd.packets_received': 0,
    'statsd.metrics_received': 0
  },
  sets: {},
  pctThreshold: [ 90 ]
}
Flushing stats at  Sun Mar 31 2024 01:26:33 GMT+0000 (Coordinated Universal Time)
{
  counters: {
    'statsd.bad_lines_seen': 0,
    'statsd.packets_received': 0,
    'statsd.metrics_received': 0
  },
  timers: {},
  gauges: { 'statsd.timestamp_lag': 0 },
  timer_data: {},
  counter_rates: {
    'statsd.bad_lines_seen': 0,
    'statsd.packets_received': 0,
    'statsd.metrics_received': 0
  },
  sets: {},
  pctThreshold: [ 90 ]
}
Flushing stats at  Sun Mar 31 2024 01:36:33 GMT+0000 (Coordinated Universal Time)
{
  counters: {
    'statsd.bad_lines_seen': 0,
    'statsd.packets_received': 0,
    'statsd.metrics_received': 0
  },
  timers: {},
  gauges: { 'statsd.timestamp_lag': 0 },
  timer_data: {},
  counter_rates: {
    'statsd.bad_lines_seen': 0,
    'statsd.packets_received': 0,
    'statsd.metrics_received': 0
  },
  sets: {},
  pctThreshold: [ 90 ]
}
Flushing stats at  Sun Mar 31 2024 01:46:33 GMT+0000 (Coordinated Universal Time)
{
  counters: {
    'statsd.bad_lines_seen': 0,
    'statsd.packets_received': 0,
    'statsd.metrics_received': 0
  },
  timers: {},
  gauges: { 'statsd.timestamp_lag': 0 },
  timer_data: {},
  counter_rates: {
    'statsd.bad_lines_seen': 0,
    'statsd.packets_received': 0,
    'statsd.metrics_received': 0
  },
  sets: {},
  pctThreshold: [ 90 ]
}
Flushing stats at  Sun Mar 31 2024 01:56:33 GMT+0000 (Coordinated Universal Time)
{
  counters: {
    'statsd.bad_lines_seen': 0,
    'statsd.packets_received': 0,
    'statsd.metrics_received': 0
  },
  timers: {},
  gauges: { 'statsd.timestamp_lag': 0 },
  timer_data: {},
  counter_rates: {
    'statsd.bad_lines_seen': 0,
    'statsd.packets_received': 0,
    'statsd.metrics_received': 0
  },
  sets: {},
  pctThreshold: [ 90 ]
}
Flushing stats at  Sun Mar 31 2024 02:06:33 GMT+0000 (Coordinated Universal Time)
{
  counters: {
    'statsd.bad_lines_seen': 0,
    'statsd.packets_received': 0,
    'statsd.metrics_received': 0
  },
  timers: {},
  gauges: { 'statsd.timestamp_lag': 0 },
  timer_data: {},
  counter_rates: {
    'statsd.bad_lines_seen': 0,
    'statsd.packets_received': 0,
    'statsd.metrics_received': 0
  },
  sets: {},
  pctThreshold: [ 90 ]
}
Flushing stats at  Sun Mar 31 2024 02:16:33 GMT+0000 (Coordinated Universal Time)
{
  counters: {
    'statsd.bad_lines_seen': 0,
    'statsd.packets_received': 0,
    'statsd.metrics_received': 0
  },
  timers: {},
  gauges: { 'statsd.timestamp_lag': 0 },
  timer_data: {},
  counter_rates: {
    'statsd.bad_lines_seen': 0,
    'statsd.packets_received': 0,
    'statsd.metrics_received': 0
  },
  sets: {},
  pctThreshold: [ 90 ]
}
Flushing stats at  Sun Mar 31 2024 02:26:33 GMT+0000 (Coordinated Universal Time)
{
  counters: {
    'statsd.bad_lines_seen': 0,
    'statsd.packets_received': 0,
    'statsd.metrics_received': 0
  },
  timers: {},
  gauges: { 'statsd.timestamp_lag': 0 },
  timer_data: {},
  counter_rates: {
    'statsd.bad_lines_seen': 0,
    'statsd.packets_received': 0,
    'statsd.metrics_received': 0
  },
  sets: {},
  pctThreshold: [ 90 ]
}
Flushing stats at  Sun Mar 31 2024 02:36:33 GMT+0000 (Coordinated Universal Time)
{
  counters: {
    'statsd.bad_lines_seen': 0,
    'statsd.packets_received': 0,
    'statsd.metrics_received': 0
  },
  timers: {},
  gauges: { 'statsd.timestamp_lag': 0 },
  timer_data: {},
  counter_rates: {
    'statsd.bad_lines_seen': 0,
    'statsd.packets_received': 0,
    'statsd.metrics_received': 0
  },
  sets: {},
  pctThreshold: [ 90 ]
}
Flushing stats at  Sun Mar 31 2024 02:46:33 GMT+0000 (Coordinated Universal Time)
{
  counters: {
    'statsd.bad_lines_seen': 0,
    'statsd.packets_received': 0,
    'statsd.metrics_received': 0
  },
  timers: {},
  gauges: { 'statsd.timestamp_lag': 0 },
  timer_data: {},
  counter_rates: {
    'statsd.bad_lines_seen': 0,
    'statsd.packets_received': 0,
    'statsd.metrics_received': 0
  },
  sets: {},
  pctThreshold: [ 90 ]
}
Flushing stats at  Sun Mar 31 2024 02:56:33 GMT+0000 (Coordinated Universal Time)
{
  counters: {
    'statsd.bad_lines_seen': 0,
    'statsd.packets_received': 0,
    'statsd.metrics_received': 0
  },
  timers: {},
  gauges: { 'statsd.timestamp_lag': 0 },
  timer_data: {},
  counter_rates: {
    'statsd.bad_lines_seen': 0,
    'statsd.packets_received': 0,
    'statsd.metrics_received': 0
  },
  sets: {},
  pctThreshold: [ 90 ]
}
Flushing stats at  Sun Mar 31 2024 03:06:33 GMT+0000 (Coordinated Universal Time)
{
  counters: {
    'statsd.bad_lines_seen': 0,
    'statsd.packets_received': 0,
    'statsd.metrics_received': 0
  },
  timers: {},
  gauges: { 'statsd.timestamp_lag': 0 },
  timer_data: {},
  counter_rates: {
    'statsd.bad_lines_seen': 0,
    'statsd.packets_received': 0,
    'statsd.metrics_received': 0
  },
  sets: {},
  pctThreshold: [ 90 ]
}
Flushing stats at  Sun Mar 31 2024 03:16:33 GMT+0000 (Coordinated Universal Time)
{
  counters: {
    'statsd.bad_lines_seen': 0,
    'statsd.packets_received': 0,
    'statsd.metrics_received': 0
  },
  timers: {},
  gauges: { 'statsd.timestamp_lag': 0 },
  timer_data: {},
  counter_rates: {
    'statsd.bad_lines_seen': 0,
    'statsd.packets_received': 0,
    'statsd.metrics_received': 0
  },
  sets: {},
  pctThreshold: [ 90 ]
}
Flushing stats at  Sun Mar 31 2024 03:26:33 GMT+0000 (Coordinated Universal Time)
{
  counters: {
    'statsd.bad_lines_seen': 0,
    'statsd.packets_received': 0,
    'statsd.metrics_received': 0
  },
  timers: {},
  gauges: { 'statsd.timestamp_lag': 0 },
  timer_data: {},
  counter_rates: {
    'statsd.bad_lines_seen': 0,
    'statsd.packets_received': 0,
    'statsd.metrics_received': 0
  },
  sets: {},
  pctThreshold: [ 90 ]
}
Flushing stats at  Sun Mar 31 2024 03:36:33 GMT+0000 (Coordinated Universal Time)
{
  counters: {
    'statsd.bad_lines_seen': 0,
    'statsd.packets_received': 0,
    'statsd.metrics_received': 0
  },
  timers: {},
  gauges: { 'statsd.timestamp_lag': 0 },
  timer_data: {},
  counter_rates: {
    'statsd.bad_lines_seen': 0,
    'statsd.packets_received': 0,
    'statsd.metrics_received': 0
  },
  sets: {},
  pctThreshold: [ 90 ]
}
Flushing stats at  Sun Mar 31 2024 03:46:33 GMT+0000 (Coordinated Universal Time)
{
  counters: {
    'statsd.bad_lines_seen': 0,
    'statsd.packets_received': 0,
    'statsd.metrics_received': 0
  },
  timers: {},
  gauges: { 'statsd.timestamp_lag': 0 },
  timer_data: {},
  counter_rates: {
    'statsd.bad_lines_seen': 0,
    'statsd.packets_received': 0,
    'statsd.metrics_received': 0
  },
  sets: {},
  pctThreshold: [ 90 ]
}
Flushing stats at  Sun Mar 31 2024 03:56:33 GMT+0000 (Coordinated Universal Time)
{
  counters: {
    'statsd.bad_lines_seen': 0,
    'statsd.packets_received': 0,
    'statsd.metrics_received': 0
  },
  timers: {},
  gauges: { 'statsd.timestamp_lag': 0 },
  timer_data: {},
  counter_rates: {
    'statsd.bad_lines_seen': 0,
    'statsd.packets_received': 0,
    'statsd.metrics_received': 0
  },
  sets: {},
  pctThreshold: [ 90 ]
}
